0.437244   -0.00489371   -0.380951
0.282532   0.432338   -0.0705343
0.0137455   0.359406   -0.045326
-0.363176   0.0358059   -0.315117
-0.428785   0.256189   -0.350516
-0.296008   0.296059   -0.114282
0.163388   -0.200758   -0.00242038
0.0097337   -0.37692   0.18966
0.404831   0.444146   -0.24723
-0.372499   0.0324773   -0.00759034
0.469885   -0.252062   -0.324023
0.165848   0.337291   0.149729
0.40755   -0.128019   -0.110445
-0.468924   -0.436027   0.180435
0.0787688   0.461277   0.0283849
0.30752   -0.209805   -0.461449
0.345682   -0.49933   -0.368814
-0.182277   0.191673   0.471013
0.402801   -0.170799   -0.415945
0.437831   0.135975   -0.429367
-0.45238   -0.339059   0.389107
-0.467991   0.494022   -0.481167
-0.379042   0.349233   -0.262899
-0.228602   -0.496262   -0.067103
-0.345635   0.436551   -0.18657
-0.349252   0.131489   0.238052
0.391035   0.0791086   -0.111336
-0.385405   -0.229791   0.138538
0.311262   0.471843   0.242415
-0.00217313   -0.0703828   0.407842
0.293766   -0.0986494   0.0208552
0.432418   -0.339917   0.20145
0.4456   -0.463723   -0.33966
0.127849   0.37418   0.0764163
-0.300741   -0.151178   -0.184595
-0.335475   0.482276   0.427841
-0.336048   -0.491965   0.329825
0.00652689   -0.118009   -0.0751626
-0.253687   -0.0919688   -0.139397
0.280425   -0.187741   0.0646969
0.0407171   -0.133321   0.287162
0.473288   -0.308262   0.409713
0.241594   0.302765   0.111481
0.399893   0.0547184   -0.202889
0.304841   0.436815   0.438238
0.472607   0.224408   0.44216
0.202977   -0.171577   0.0775358
0.23191   0.172066   0.487896
-0.195028   0.0233463   0.488785
-0.0824414   -0.1509   0.319399
0.219652   -0.475498   -0.427112
0.346591   -0.110419   -0.485743
0.200673   -0.471059   0.224983
-0.382114   -0.311871   0.150729
-0.107771   0.439636   0.33203
0.368405   -0.485253   -0.0699885
-0.0240284   -0.408961   -0.254357
0.0257945   0.242214   0.114799
-0.425373   0.38616   -0.32859
0.325528   0.00223524   -0.35222
0.264414   0.140115   0.30253
-0.474295   0.442615   -0.398205
0.015983   0.246764   -0.0630367
0.233802   -0.231609   -0.31142
0.225996   0.368845   0.252197
0.171056   0.0763421   0.324463
0.261303   -0.449218   -0.120151
-0.128156   0.339085   -0.203987
-0.150524   0.168606   0.0476787
0.434179   -0.390329   -0.216599
-0.0877631   -0.43656   0.158376
0.224131   0.230575   0.348378
-0.0515607   0.353501   0.0275586
0.113272   -0.0382822   0.310278
0.483253   -0.0119015   -0.235553
-0.256876   0.497884   0.236131
-0.0354556   -0.334569   0.255384
0.414634   -0.0476223   -0.208373
-0.0304093   0.187614   -0.217222
0.125814   -0.0893975   -0.436599
0.165731   -0.492078   -0.348956
-0.216801   0.333306   -0.0952628
-0.143704   0.398103   0.0194435
-0.0542073   -0.494173   0.285972
-0.438785   -0.464515   -0.411377
-0.206661   -0.18211   0.0635454
0.0384258   -0.439581   0.31356
0.130406   -0.245164   -0.113693
-0.387194   -0.389209   -0.19889
0.259981   -0.203037   -0.159383
-0.0867319   0.292789   -0.096
-0.225074   0.270964   0.477642
-0.35911   -0.411781   0.335165
0.0378605   0.220514   -0.429114
-0.0231807   -0.193146   0.241624
0.12012   0.460924   -0.493903
0.18639   -0.305265   0.159305
0.142173   0.447119   0.115482
-0.0448531   0.253583   0.48375
0.270196   -0.146417   -0.268401
0.138009   0.434308   -0.324584
-0.278101   0.442076   -0.492169
0.191064   0.0792609   0.206677
0.21554   -0.149861   -0.0738681
-0.457278   -0.178181   0.184869
-0.0160365   0.28724   -0.219477
0.0976686   -0.102231   0.2236
0.285502   -0.247211   -0.0657574
