1.15166   0.508497   0.953027
-0.695212   -1.43359   0.660917
-0.833409   0.116248   0.0898549
0.775046   -1.61793   -1.08251
-1.26984   0.414148   -0.230923
0.680538   1.45954   -0.516996
0.747034   0.276873   1.22735
0.985327   -1.9138   0.243767
0.820474   -0.925482   0.351574
1.31178   1.78096   0.126746
-0.98471   -1.09972   3.24546
-3.12045   -0.400417   0.193706
0.100501   1.28079   -0.25651
0.815852   0.191929   -0.17618
-2.95854   1.08705   -0.665946
-0.803054   -0.203098   0.259864
-0.659771   0.306215   -0.753479
0.299389   1.48069   1.26882
2.14467   -0.177347   0.392639
0.321054   0.483983   1.35235
0.189154   -2.25625   -0.604289
-1.61327   0.351353   -1.8764
1.59764   -1.26168   -1.59342
0.542591   0.255578   -1.13352
1.5481   1.48054   -0.0728429
-0.501367   0.979908   2.01604
-0.33492   -0.985854   0.138147
0.0111923   -0.622243   -0.984495
0.562129   -0.0729746   1.00334
0.939626   0.415809   1.51771
-0.422302   1.7486   -1.62634
-0.0418097   0.286303   -0.614416
-0.399859   0.224769   -0.556953
0.344471   0.28136   0.572909
0.725003   -1.82419   -0.603947
2.04276   -1.00104   0.368395
0.324187   -1.54812   -1.04976
-0.411773   -0.0196752   0.454911
0.500354   0.0724765   1.56383
-0.347632   -0.086593   -0.331036
1.16436   -0.672171   -0.712937
0.297696   -0.815247   -2.41669
-1.25177   -1.30148   1.19546
-1.0558   -0.248033   2.58038
-0.349737   -0.293824   -0.302842
0.739456   -0.999708   1.24944
-1.05833   0.9074   -0.123705
-1.84393   -0.240205   -0.299669
0.156864   1.11207   -0.660546
1.60553   -0.570953   -0.12942
-0.959071   -1.85399   1.93576
1.10211   0.941399   0.342377
-1.01083   0.830194   1.5195
1.53606   1.65745   1.75527
-0.311562   0.827139   -0.979643
1.29071   1.73939   -0.239819
-2.20272   -0.859588   0.883503
-0.502576   -0.488715   0.71975
0.168692   0.419362   -1.35539
1.11742   -0.0763266   0.845506
-2.16896   -0.418583   -2.29573
-0.979993   0.807205   -1.06563
-2.00362   -1.43073   -0.630667
-0.640094   1.82342   -1.24152
-1.09893   0.185663   -0.71484
0.694059   -0.148821   -0.675129
-0.809365   1.68735   0.878289
0.928719   -1.60107   1.18719
0.668394   -2.33   -0.14225
1.59662   0.227257   -1.54359
1.42749   -0.0957307   -0.735307
-0.010693   -0.0682634   1.0408
-0.027007   0.950308   -1.23974
2.0384   1.71113   -0.237528
-1.17689   -2.60131   -0.148408
0.108854   1.65181   0.437097
1.37721   -1.63776   -0.604661
-0.358429   2.40344   1.13723
1.20881   -1.68221   -1.79735
-0.0450231   0.49057   0.57492
-0.472367   -0.233336   0.16542
-0.345651   -0.362718   -2.55066
1.16328   -1.6096   -1.56487
-0.21255   0.317202   1.07701
-1.17826   0.674827   0.162171
-1.24778   1.44145   0.264159
-0.183295   0.531752   0.191507
-0.827821   -1.85291   -0.0389038
-0.177706   1.73544   -0.995703
-0.299074   -1.85107   0.785882
-0.0241544   -0.0814908   0.79865
-0.693875   0.187748   -0.793876
2.08643   0.633645   -0.972032
0.278728   -1.46714   0.884884
-0.321606   0.395913   -1.59545
0.0719645   -0.599287   -0.853898
2.70618   1.64391   -1.83093
-0.788631   -1.54584   -0.588995
-0.644645   0.0893717   1.30131
-1.22763   -0.451568   -0.00667009
-1.34081   0.628723   0.456686
0.030432   1.72978   0.726155
-0.17543   0.319362   0.919408
0.039075   0.372566   0.73282
0.218203   0.869817   -0.968457
1.67779   -0.382975   -0.126399
0.733166   1.05219   1.97057
-2.28871   -0.15719   1.18936
